android/app/build/intermediates/manifest_merge_blame_file/debug/manifest-merger-blame-debug-report.txt
1<?xml version="1.0" encoding="utf-8"?>
2<manifest xmlns:android="http://schemas.android.com/apk/res/android"
3    package="com.react_native_shazam"
4    android:versionCode="1"
5    android:versionName="1.0" >
6
7    <uses-sdk
8        android:minSdkVersion="21"
9        android:targetSdkVersion="33" />
10
11    <uses-permission android:name="android.permission.SYSTEM_ALERT_WINDOW" />
11-->src\debug\AndroidManifest.xml:5:5-77
11-->src\debug\AndroidManifest.xml:5:22-75
12    <uses-permission android:name="android.permission.INTERNET" />
12-->src\main\AndroidManifest.xml:4:5-67
12-->src\main\AndroidManifest.xml:4:22-64
13    <uses-permission android:name="android.permission.VIBRATE" />
13-->src\main\AndroidManifest.xml:5:5-65
13-->src\main\AndroidManifest.xml:5:22-63
14    <uses-permission android:name="android.permission.ACCESS_WIFI_STATE" /> <!-- For local hotspot -->
14-->[com.facebook.flipper:flipper:0.125.0] AndroidManifest.xml:16:5-76
14-->[com.facebook.flipper:flipper:0.125.0] AndroidManifest.xml:16:22-73
15    <uses-permission android:name="android.permission.ACCESS_FINE_LOCATION" />
15-->[:react-native-tethering_hotspot] AndroidManifest.xml:10:5-79
15-->[:react-native-tethering_hotspot] AndroidManifest.xml:10:22-76
16    <uses-permission android:name="android.permission.ACCESS_COARSE_LOCATION" /> <!-- For local hotspot android 13+ -->
16-->[:react-native-tethering_hotspot] AndroidManifest.xml:11:5-81
16-->[:react-native-tethering_hotspot] AndroidManifest.xml:11:22-78
17    <uses-permission android:name="android.permission.NEARBY_WIFI_DEVICES" /> <!-- For hotspot tethering -->
17-->[:react-native-tethering_hotspot] AndroidManifest.xml:13:5-78
17-->[:react-native-tethering_hotspot] AndroidManifest.xml:13:22-75
18    <uses-permission android:name="android.permission.WRITE_SETTINGS" />
18-->[:react-native-tethering_hotspot] AndroidManifest.xml:16:5-18:47
18-->[:react-native-tethering_hotspot] AndroidManifest.xml:17:9-57
19    <uses-permission android:name="android.permission.CHANGE_WIFI_STATE" />
19-->[:react-native-wifi-reborn] AndroidManifest.xml:10:5-76
19-->[:react-native-wifi-reborn] AndroidManifest.xml:10:22-73
20    <uses-permission android:name="android.permission.CHANGE_NETWORK_STATE" />
20-->[:react-native-wifi-reborn] AndroidManifest.xml:12:5-79
20-->[:react-native-wifi-reborn] AndroidManifest.xml:12:22-76
21    <uses-permission android:name="android.permission.ACCESS_NETWORK_STATE" /> <!-- Required by older versions of Google Play services to create IID tokens -->
21-->[:react-native-wifi-reborn] AndroidManifest.xml:13:5-79
21-->[:react-native-wifi-reborn] AndroidManifest.xml:13:22-76
22    <uses-permission android:name="com.google.android.c2dm.permission.RECEIVE" />
22-->[com.google.android.gms:play-services-iid:17.0.0] AndroidManifest.xml:23:5-82
22-->[com.google.android.gms:play-services-iid:17.0.0] AndroidManifest.xml:23:22-79
23    <uses-permission android:name="com.google.android.finsky.permission.BIND_GET_INSTALL_REFERRER_SERVICE" />
23-->[com.android.installreferrer:installreferrer:1.1.2] AndroidManifest.xml:9:5-110
23-->[com.android.installreferrer:installreferrer:1.1.2] AndroidManifest.xml:9:22-107
24
25    <application
25-->src\main\AndroidManifest.xml:7:5-26:19
26        android:name="com.react_native_shazam.MainApplication"
26-->src\main\AndroidManifest.xml:8:7-38
27        android:allowBackup="false"
27-->src\main\AndroidManifest.xml:12:7-34
28        android:appComponentFactory="androidx.core.app.CoreComponentFactory"
28-->[androidx.core:core:1.7.0] AndroidManifest.xml:24:18-86
29        android:debuggable="true"
30        android:icon="@mipmap/ic_launcher"
30-->src\main\AndroidManifest.xml:10:7-41
31        android:label="@string/app_name"
31-->src\main\AndroidManifest.xml:9:7-39
32        android:roundIcon="@mipmap/ic_launcher_round"
32-->src\main\AndroidManifest.xml:11:7-52
33        android:theme="@style/AppTheme"
33-->src\main\AndroidManifest.xml:13:7-38
34        android:usesCleartextTraffic="true" >
34-->src\debug\AndroidManifest.xml:8:9-44
35        <activity android:name="com.facebook.react.devsupport.DevSettingsActivity" />
35-->src\debug\AndroidManifest.xml:11:9-86
35-->src\debug\AndroidManifest.xml:11:19-83
36        <activity
36-->src\main\AndroidManifest.xml:14:7-25:18
37            android:name="com.react_native_shazam.MainActivity"
37-->src\main\AndroidManifest.xml:15:9-37
38            android:configChanges="keyboard|keyboardHidden|orientation|screenSize|uiMode"
38-->src\main\AndroidManifest.xml:17:9-86
39            android:exported="true"
39-->src\main\AndroidManifest.xml:20:9-32
40            android:label="@string/app_name"
40-->src\main\AndroidManifest.xml:16:9-41
41            android:launchMode="singleTask"
41-->src\main\AndroidManifest.xml:18:9-40
42            android:windowSoftInputMode="adjustResize" >
42-->src\main\AndroidManifest.xml:19:9-51
43            <intent-filter>
43-->src\main\AndroidManifest.xml:21:9-24:25
44                <action android:name="android.intent.action.MAIN" />
44-->src\main\AndroidManifest.xml:22:13-65
44-->src\main\AndroidManifest.xml:22:21-62
45
46                <category android:name="android.intent.category.LAUNCHER" />
46-->src\main\AndroidManifest.xml:23:13-73
46-->src\main\AndroidManifest.xml:23:23-70
47            </intent-filter>
48        </activity>
49
50        <provider
50-->[:react-native-webview] AndroidManifest.xml:10:9-18:20
51            android:name="com.reactnativecommunity.webview.RNCWebViewFileProvider"
51-->[:react-native-webview] AndroidManifest.xml:11:13-83
52            android:authorities="com.react_native_shazam.fileprovider"
52-->[:react-native-webview] AndroidManifest.xml:12:13-64
53            android:exported="false"
53-->[:react-native-webview] AndroidManifest.xml:13:13-37
54            android:grantUriPermissions="true" >
54-->[:react-native-webview] AndroidManifest.xml:14:13-47
55            <meta-data
55-->[:react-native-webview] AndroidManifest.xml:15:13-17:63
56                android:name="android.support.FILE_PROVIDER_PATHS"
56-->[:react-native-webview] AndroidManifest.xml:16:17-67
57                android:resource="@xml/file_provider_paths" />
57-->[:react-native-webview] AndroidManifest.xml:17:17-60
58        </provider>
59
60        <activity
60-->[com.google.android.gms:play-services-base:17.0.0] AndroidManifest.xml:23:9-26:75
61            android:name="com.google.android.gms.common.api.GoogleApiActivity"
61-->[com.google.android.gms:play-services-base:17.0.0] AndroidManifest.xml:24:13-79
62            android:exported="false"
62-->[com.google.android.gms:play-services-base:17.0.0] AndroidManifest.xml:25:13-37
63            android:theme="@android:style/Theme.Translucent.NoTitleBar" />
63-->[com.google.android.gms:play-services-base:17.0.0] AndroidManifest.xml:26:13-72
64
65        <meta-data
65-->[com.google.android.gms:play-services-basement:17.0.0] AndroidManifest.xml:23:9-25:69
66            android:name="com.google.android.gms.version"
66-->[com.google.android.gms:play-services-basement:17.0.0] AndroidManifest.xml:24:13-58
67            android:value="@integer/google_play_services_version" />
67-->[com.google.android.gms:play-services-basement:17.0.0] AndroidManifest.xml:25:13-66
68
69        <provider
69-->[androidx.emoji2:emoji2:1.0.0] AndroidManifest.xml:26:9-34:20
70            android:name="androidx.startup.InitializationProvider"
70-->[androidx.emoji2:emoji2:1.0.0] AndroidManifest.xml:27:13-67
71            android:authorities="com.react_native_shazam.androidx-startup"
71-->[androidx.emoji2:emoji2:1.0.0] AndroidManifest.xml:28:13-68
72            android:exported="false" >
72-->[androidx.emoji2:emoji2:1.0.0] AndroidManifest.xml:29:13-37
73            <meta-data
73-->[androidx.emoji2:emoji2:1.0.0] AndroidManifest.xml:31:13-33:52
74                android:name="androidx.emoji2.text.EmojiCompatInitializer"
74-->[androidx.emoji2:emoji2:1.0.0] AndroidManifest.xml:32:17-75
75                android:value="androidx.startup" />
75-->[androidx.emoji2:emoji2:1.0.0] AndroidManifest.xml:33:17-49
76            <meta-data
76-->[androidx.lifecycle:lifecycle-process:2.4.0] AndroidManifest.xml:31:13-33:52
77                android:name="androidx.lifecycle.ProcessLifecycleInitializer"
77-->[androidx.lifecycle:lifecycle-process:2.4.0] AndroidManifest.xml:32:17-78
78                android:value="androidx.startup" />
78-->[androidx.lifecycle:lifecycle-process:2.4.0] AndroidManifest.xml:33:17-49
79        </provider>
80
81        <activity
81-->[com.jakewharton:process-phoenix:2.1.2] AndroidManifest.xml:8:9-12:75
82            android:name="com.jakewharton.processphoenix.ProcessPhoenix"
82-->[com.jakewharton:process-phoenix:2.1.2] AndroidManifest.xml:9:13-73
83            android:exported="false"
83-->[com.jakewharton:process-phoenix:2.1.2] AndroidManifest.xml:10:13-37
84            android:process=":phoenix"
84-->[com.jakewharton:process-phoenix:2.1.2] AndroidManifest.xml:11:13-39
85            android:theme="@android:style/Theme.Translucent.NoTitleBar" />
85-->[com.jakewharton:process-phoenix:2.1.2] AndroidManifest.xml:12:13-72
86    </application>
87
88</manifest>